\BOOKMARK [1][-]{section.1}{Introduction}{}% 1
\BOOKMARK [1][-]{section.2}{Generative\040Model}{}% 2
\BOOKMARK [2][-]{subsection.2.1}{Probablistic\040Model}{section.2}% 3
\BOOKMARK [2][-]{subsection.2.2}{Transition\040Function}{section.2}% 4
\BOOKMARK [1][-]{section.3}{Gibbs\040Sampling\040Algorithm}{}% 5
\BOOKMARK [2][-]{subsection.3.1}{Update\040latent\040sequence\040x1:D}{section.3}% 6
\BOOKMARK [2][-]{subsection.3.2}{Update\040parameters\040in\040transition\040distribution}{section.3}% 7
\BOOKMARK [2][-]{subsection.3.3}{Update\040parameters\040in\040emission\040distribution}{section.3}% 8
\BOOKMARK [1][-]{section.4}{Generalized\040Baum-Welch\040\(GBW\)\040Algorithm}{}% 9
\BOOKMARK [2][-]{subsection.4.1}{Single\040Node\040Belief\040Propagation\040Rules:\040Forward-backward}{section.4}% 10
\BOOKMARK [2][-]{subsection.4.2}{Message\040Passing\040for\040Approximate\040EM\040Algorithm}{section.4}% 11
\BOOKMARK [3][-]{subsubsection.4.2.1}{E-step}{subsection.4.2}% 12
\BOOKMARK [3][-]{subsubsection.4.2.2}{Exact\040M-step}{subsection.4.2}% 13
\BOOKMARK [3][-]{subsubsection.4.2.3}{Approximate\040M-step}{subsection.4.2}% 14
\BOOKMARK [1][-]{section.5}{Experimental\040Results\040and\040Comparative\040Analysis}{}% 15
\BOOKMARK [2][-]{subsection.5.1}{Application\040to\040Real\040Data\040Set}{section.5}% 16
\BOOKMARK [2][-]{subsection.5.2}{Comparative\040Analysis}{section.5}% 17
\BOOKMARK [2][-]{subsection.5.3}{Application\040to\040Simulated\040Data\040Set}{section.5}% 18
\BOOKMARK [1][-]{section.6}{Profiling\040and\040Optimization}{}% 19
\BOOKMARK [2][-]{subsection.6.1}{Profiling\040and\040Optimization\040for\040Gibbs\040Sampler}{section.6}% 20
\BOOKMARK [3][-]{subsubsection.6.1.1}{Naive\040Version}{subsection.6.1}% 21
\BOOKMARK [2][-]{subsection.6.2}{JIT\040Optimization}{section.6}% 22
\BOOKMARK [2][-]{subsection.6.3}{Cython\040Optimization}{section.6}% 23
\BOOKMARK [2][-]{subsection.6.4}{Broadcasting\040with\040Numpy}{section.6}% 24
\BOOKMARK [2][-]{subsection.6.5}{Merging\040Small\040Functions}{section.6}% 25
\BOOKMARK [2][-]{subsection.6.6}{Comparison\040Table\040for\040Gibbs\040Sampling}{section.6}% 26
\BOOKMARK [2][-]{subsection.6.7}{Profilling\040and\040Optimization\040for\040Generalized\040Baum-Welch\040Algorithm}{section.6}% 27
\BOOKMARK [3][-]{subsubsection.6.7.1}{Pre-computing\040-\040Reduce\040Redundant\040Iterations}{subsection.6.7}% 28
\BOOKMARK [2][-]{subsection.6.8}{Comparison\040Table\040for\040Generalized\040Baum-Welch}{section.6}% 29
\BOOKMARK [1][-]{section.7}{Code\040Testing}{}% 30
\BOOKMARK [2][-]{subsection.7.1}{Test\040on\040Prior\040Choices}{section.7}% 31
\BOOKMARK [2][-]{subsection.7.2}{Unit\040test}{section.7}% 32
\BOOKMARK [1][-]{section.8}{Conclusion}{}% 33
